{"C:\\Users\\Mairaz\\Desktop\\Projects\\Nodejs\\kafkaNodejs\\order_service\\src\\repository\\cart.repository.ts": {"path":"C:\\Users\\Mairaz\\Desktop\\Projects\\Nodejs\\kafkaNodejs\\order_service\\src\\repository\\cart.repository.ts","all":false,"statementMap":{"0":{"start":{"line":1,"column":0},"end":{"line":1,"column":62}},"1":{"start":{"line":2,"column":0},"end":{"line":2,"column":0}},"2":{"start":{"line":3,"column":0},"end":{"line":3,"column":0}},"3":{"start":{"line":4,"column":0},"end":{"line":4,"column":53}},"4":{"start":{"line":5,"column":0},"end":{"line":5,"column":20}},"5":{"start":{"line":6,"column":0},"end":{"line":6,"column":27}},"6":{"start":{"line":7,"column":0},"end":{"line":7,"column":28}},"7":{"start":{"line":8,"column":0},"end":{"line":8,"column":53}},"8":{"start":{"line":9,"column":0},"end":{"line":9,"column":14}},"9":{"start":{"line":10,"column":0},"end":{"line":10,"column":7}},"10":{"start":{"line":11,"column":0},"end":{"line":11,"column":2}},"11":{"start":{"line":12,"column":0},"end":{"line":12,"column":51}},"12":{"start":{"line":13,"column":0},"end":{"line":13,"column":31}},"13":{"start":{"line":14,"column":0},"end":{"line":14,"column":2}},"14":{"start":{"line":15,"column":0},"end":{"line":15,"column":53}},"15":{"start":{"line":16,"column":0},"end":{"line":16,"column":31}},"16":{"start":{"line":17,"column":0},"end":{"line":17,"column":2}},"17":{"start":{"line":18,"column":0},"end":{"line":18,"column":53}},"18":{"start":{"line":19,"column":0},"end":{"line":19,"column":31}},"19":{"start":{"line":20,"column":0},"end":{"line":20,"column":2}},"20":{"start":{"line":21,"column":0},"end":{"line":21,"column":50}},"21":{"start":{"line":22,"column":0},"end":{"line":22,"column":23}},"22":{"start":{"line":23,"column":0},"end":{"line":23,"column":19}},"23":{"start":{"line":24,"column":0},"end":{"line":24,"column":23}},"24":{"start":{"line":25,"column":0},"end":{"line":25,"column":22}},"25":{"start":{"line":26,"column":0},"end":{"line":26,"column":1}}},"s":{"0":1,"1":1,"2":1,"3":1,"4":1,"5":1,"6":1,"7":1,"8":1,"9":1,"10":1,"11":1,"12":0,"13":0,"14":1,"15":0,"16":0,"17":1,"18":0,"19":0,"20":1,"21":1,"22":1,"23":1,"24":1,"25":1},"branchMap":{"0":{"type":"branch","line":4,"loc":{"start":{"line":4,"column":19},"end":{"line":11,"column":2}},"locations":[{"start":{"line":4,"column":19},"end":{"line":11,"column":2}}]},"1":{"type":"branch","line":4,"loc":{"start":{"line":4,"column":51},"end":{"line":11,"column":2}},"locations":[{"start":{"line":4,"column":51},"end":{"line":11,"column":2}}]}},"b":{"0":[1],"1":[1]},"fnMap":{"0":{"name":"createCart","decl":{"start":{"line":4,"column":19},"end":{"line":11,"column":2}},"loc":{"start":{"line":4,"column":19},"end":{"line":11,"column":2}},"line":4},"1":{"name":"findCart","decl":{"start":{"line":12,"column":17},"end":{"line":14,"column":2}},"loc":{"start":{"line":12,"column":17},"end":{"line":14,"column":2}},"line":12},"2":{"name":"updateCart","decl":{"start":{"line":15,"column":19},"end":{"line":17,"column":2}},"loc":{"start":{"line":15,"column":19},"end":{"line":17,"column":2}},"line":15},"3":{"name":"deleteCart","decl":{"start":{"line":18,"column":19},"end":{"line":20,"column":2}},"loc":{"start":{"line":18,"column":19},"end":{"line":20,"column":2}},"line":18}},"f":{"0":1,"1":0,"2":0,"3":0}}
,"C:\\Users\\Mairaz\\Desktop\\Projects\\Nodejs\\kafkaNodejs\\order_service\\src\\services\\cart.service.ts": {"path":"C:\\Users\\Mairaz\\Desktop\\Projects\\Nodejs\\kafkaNodejs\\order_service\\src\\services\\cart.service.ts","all":false,"statementMap":{"0":{"start":{"line":1,"column":0},"end":{"line":1,"column":62}},"1":{"start":{"line":2,"column":0},"end":{"line":2,"column":0}},"2":{"start":{"line":3,"column":0},"end":{"line":3,"column":67}},"3":{"start":{"line":4,"column":0},"end":{"line":4,"column":42}},"4":{"start":{"line":5,"column":0},"end":{"line":5,"column":16}},"5":{"start":{"line":6,"column":0},"end":{"line":6,"column":1}},"6":{"start":{"line":7,"column":0},"end":{"line":7,"column":64}},"7":{"start":{"line":8,"column":0},"end":{"line":8,"column":40}},"8":{"start":{"line":9,"column":0},"end":{"line":9,"column":16}},"9":{"start":{"line":10,"column":0},"end":{"line":10,"column":1}},"10":{"start":{"line":11,"column":0},"end":{"line":11,"column":65}},"11":{"start":{"line":12,"column":0},"end":{"line":12,"column":42}},"12":{"start":{"line":13,"column":0},"end":{"line":13,"column":16}},"13":{"start":{"line":14,"column":0},"end":{"line":14,"column":1}},"14":{"start":{"line":15,"column":0},"end":{"line":15,"column":67}},"15":{"start":{"line":16,"column":0},"end":{"line":16,"column":42}},"16":{"start":{"line":17,"column":0},"end":{"line":17,"column":16}},"17":{"start":{"line":18,"column":0},"end":{"line":18,"column":1}},"18":{"start":{"line":19,"column":0},"end":{"line":19,"column":0}},"19":{"start":{"line":20,"column":0},"end":{"line":20,"column":8}},"20":{"start":{"line":21,"column":0},"end":{"line":21,"column":42}},"21":{"start":{"line":22,"column":0},"end":{"line":22,"column":1}}},"s":{"0":1,"1":1,"2":1,"3":1,"4":1,"5":1,"6":1,"7":0,"8":0,"9":0,"10":1,"11":0,"12":0,"13":0,"14":1,"15":0,"16":0,"17":0,"18":1,"19":1,"20":1,"21":1},"branchMap":{"0":{"type":"branch","line":3,"loc":{"start":{"line":3,"column":19},"end":{"line":6,"column":1}},"locations":[{"start":{"line":3,"column":19},"end":{"line":6,"column":1}}]},"1":{"type":"branch","line":3,"loc":{"start":{"line":3,"column":65},"end":{"line":6,"column":1}},"locations":[{"start":{"line":3,"column":65},"end":{"line":6,"column":1}}]}},"b":{"0":[1],"1":[1]},"fnMap":{"0":{"name":"CreateCart","decl":{"start":{"line":3,"column":19},"end":{"line":6,"column":1}},"loc":{"start":{"line":3,"column":19},"end":{"line":6,"column":1}},"line":3},"1":{"name":"GetCart","decl":{"start":{"line":7,"column":16},"end":{"line":10,"column":1}},"loc":{"start":{"line":7,"column":16},"end":{"line":10,"column":1}},"line":7},"2":{"name":"EditCart","decl":{"start":{"line":11,"column":17},"end":{"line":14,"column":1}},"loc":{"start":{"line":11,"column":17},"end":{"line":14,"column":1}},"line":11},"3":{"name":"DeleteCart","decl":{"start":{"line":15,"column":19},"end":{"line":18,"column":1}},"loc":{"start":{"line":15,"column":19},"end":{"line":18,"column":1}},"line":15}},"f":{"0":1,"1":0,"2":0,"3":0}}
}
