TN:
SF:src\api\catalog.routes.ts
FNF:0
FNH:0
DA:1,1
DA:2,1
DA:3,1
DA:4,1
DA:5,1
DA:6,1
DA:7,1
DA:8,1
DA:9,1
DA:10,1
DA:11,1
DA:12,1
DA:13,3
DA:14,3
DA:15,3
DA:16,1
DA:17,1
DA:18,2
DA:19,1
DA:20,1
DA:21,1
DA:22,1
DA:23,1
DA:24,1
DA:25,3
DA:26,1
DA:27,3
DA:28,3
DA:29,3
DA:30,3
DA:31,1
DA:32,1
DA:33,2
DA:34,1
DA:35,1
DA:36,1
DA:37,1
DA:38,1
DA:39,1
DA:40,3
DA:41,1
DA:42,1
DA:43,1
DA:44,1
DA:45,1
DA:46,1
DA:47,1
DA:48,1
DA:49,0
DA:50,0
DA:51,0
DA:52,1
DA:53,1
DA:54,1
DA:55,1
DA:56,1
DA:57,1
DA:58,1
DA:59,1
DA:60,0
DA:61,0
DA:62,0
DA:63,1
DA:64,1
DA:65,1
DA:66,1
DA:67,1
DA:68,1
DA:69,1
DA:70,1
DA:71,0
DA:72,0
DA:73,0
DA:74,1
DA:75,1
DA:76,1
LF:76
LH:67
BRDA:12,0,0,3
BRDA:12,1,0,3
BRDA:15,2,0,1
BRDA:18,3,0,2
BRDA:19,4,0,1
BRDA:26,5,0,3
BRDA:26,6,0,3
BRDA:29,7,0,0
BRDA:30,8,0,1
BRDA:33,9,0,2
BRDA:34,10,0,1
BRDA:41,11,0,1
BRDA:41,12,0,1
BRDA:48,13,0,0
BRDA:53,14,0,1
BRDA:53,15,0,1
BRDA:54,16,0,0
BRDA:59,17,0,0
BRDA:64,18,0,1
BRDA:64,19,0,1
BRDA:65,20,0,0
BRDA:70,21,0,0
BRF:22
BRH:16
end_of_record
TN:
SF:src\dto\product.dto.ts
FNF:0
FNH:0
DA:1,1
DA:2,1
DA:3,1
DA:4,1
DA:5,1
DA:6,1
DA:7,1
DA:8,1
DA:9,1
DA:10,1
DA:11,1
DA:12,1
DA:13,1
DA:14,1
DA:15,1
DA:16,1
DA:17,1
DA:18,1
DA:19,1
DA:20,1
DA:21,1
DA:22,1
DA:23,1
DA:24,1
DA:25,1
DA:26,1
DA:27,1
DA:28,1
LF:28
LH:28
BRF:0
BRH:0
end_of_record
TN:
SF:src\repository\catalog-repository.ts
FN:5,create
FN:8,update
FN:11,delete
FN:14,find
FN:17,findOne
FNF:5
FNH:0
FNDA:0,create
FNDA:0,update
FNDA:0,delete
FNDA:0,find
FNDA:0,findOne
DA:1,1
DA:2,1
DA:3,1
DA:4,1
DA:5,1
DA:6,0
DA:7,0
DA:8,1
DA:9,0
DA:10,0
DA:11,1
DA:12,0
DA:13,0
DA:14,1
DA:15,0
DA:16,0
DA:17,1
DA:18,0
DA:19,0
DA:20,1
DA:21,1
LF:21
LH:11
BRF:0
BRH:0
end_of_record
TN:
SF:src\services\catalog.service.ts
FN:6,CatalogService
FN:9,createProduct
FN:16,updateProduct
FN:26,getProducts
FN:30,getProduct
FN:37,deleteProduct
FNF:6
FNH:1
FNDA:1,CatalogService
FNDA:0,createProduct
FNDA:0,updateProduct
FNDA:0,getProducts
FNDA:0,getProduct
FNDA:0,deleteProduct
DA:1,1
DA:2,1
DA:3,1
DA:4,1
DA:5,1
DA:6,1
DA:7,1
DA:8,1
DA:9,1
DA:10,0
DA:11,0
DA:12,0
DA:13,0
DA:14,0
DA:15,0
DA:16,1
DA:17,0
DA:18,0
DA:19,0
DA:20,0
DA:21,0
DA:22,0
DA:23,0
DA:24,1
DA:25,1
DA:26,1
DA:27,0
DA:28,0
DA:29,0
DA:30,1
DA:31,0
DA:32,0
DA:33,0
DA:34,0
DA:35,0
DA:36,0
DA:37,1
DA:38,0
DA:39,0
DA:40,0
DA:41,0
DA:42,1
LF:42
LH:16
BRDA:6,0,0,1
BRF:1
BRH:1
end_of_record
TN:
SF:src\utils\index.ts
FNF:0
FNH:0
DA:1,1
DA:2,1
DA:3,1
DA:4,1
DA:5,1
DA:6,1
DA:7,1
DA:8,1
DA:9,1
DA:10,1
DA:11,1
LF:11
LH:11
BRF:0
BRH:0
end_of_record
TN:
SF:src\utils\requestValidator.ts
FN:4,validationError
FN:16,RequestValidator
FNF:2
FNH:2
FNDA:6,validationError
FNDA:6,RequestValidator
DA:1,1
DA:2,1
DA:3,1
DA:4,1
DA:5,6
DA:6,6
DA:7,6
DA:8,6
DA:9,6
DA:10,2
DA:11,2
DA:12,4
DA:13,4
DA:14,4
DA:15,1
DA:16,1
DA:17,6
DA:18,6
DA:19,6
DA:20,6
DA:21,6
DA:22,6
DA:23,6
DA:24,2
DA:25,2
DA:26,2
DA:27,2
DA:28,2
DA:29,4
DA:30,4
LF:30
LH:30
BRDA:4,0,0,6
BRDA:4,1,0,6
BRDA:9,2,0,2
BRDA:12,3,0,4
BRDA:16,4,0,6
BRDA:19,5,0,6
BRDA:23,6,0,2
BRDA:29,7,0,4
BRDA:24,8,0,2
BRF:9
BRH:9
end_of_record
